<?xml version="1.0" encoding="UTF-8"?>
<!-- Generated by org.testng.reporters.JUnitReportReporter -->
<testsuite hostname="Welcome-PC" name="code.TEST1" tests="1" failures="0" timestamp="13 Aug 2016 08:45:36 GMT" time="0.000" errors="0">
  <testcase name="test" time="0.000" classname="code.TEST1"/>
</testsuite> <!-- code.TEST1 -->
