<?xml version="1.0" encoding="UTF-8"?>
<!-- Generated by org.testng.reporters.JUnitReportReporter -->
<testsuite hostname="Welcome-PC" name="TEST1" tests="1" failures="0" timestamp="13 Aug 2016 08:02:26 GMT" time="0.008" errors="0">
  <testcase name="test" time="0.008" classname="TEST1"/>
</testsuite> <!-- TEST1 -->
